<?xml version="1.0" encoding="UTF-8"?>
<!-- Generated by org.testng.reporters.JUnitXMLReporter -->
<testsuite ignored="0" hostname="LAPTOP-0U30SF87" failures="0" tests="1" name="Test" time="0.036" errors="0" timestamp="2020-04-14T11:17:26 EDT">
  <testcase classname="Base.BaseTest" name="@BeforeTest setUP" time="-1.586877446268E9">
    <failure type="org.testng.TestNGException" message="
Parameter &amp;apos;browserName&amp;apos; is required by BeforeTest on method setUP but has not been marked @Optional or defined
in C:\Users\asus\eclipse-workspace\SeleniumFramework\testng.xml">
      <![CDATA[org.testng.TestNGException: 
Parameter 'browserName' is required by BeforeTest on method setUP but has not been marked @Optional or defined
in C:\Users\asus\eclipse-workspace\SeleniumFramework\testng.xml
... Removed 21 stack frames]]>
    </failure>
  </testcase> <!-- @BeforeTest setUP -->
  <testcase classname="Base.BaseTest" name="@AfterTest tearDown" time="-1.586877446299E9">
    <skipped/>
  </testcase> <!-- @AfterTest tearDown -->
  <testcase classname="Loginpagetests.PositiveLoginTest" name="logInTest" time="0.0">
    <skipped/>
  </testcase> <!-- logInTest -->
</testsuite> <!-- Test -->
